<?xml version="1.0" encoding="UTF-8"?>
<!-- Generated by org.testng.reporters.JUnitXMLReporter -->
<testsuite hostname="Lenovo" name="Test" tests="3" failures="0" timestamp="30 Mar 2020 06:47:18 GMT" time="67.511" errors="0">
  <testcase name="runScenario" time="61.441" classname="com.testrunner.TestRunner"/>
  <testcase name="runScenario" time="65.464" classname="com.testrunner.TestRunner"/>
  <testcase name="runScenario" time="65.986" classname="com.testrunner.TestRunner"/>
</testsuite> <!-- Test -->
